<?xml version="1.0" encoding="UTF-8"?>
<testsuite name="SolutionTest" tests="3" skipped="0" failures="0" errors="0" timestamp="2024-07-01T16:10:49" hostname="R5-3600X" time="0.03">
  <properties/>
  <testcase name="calculateRepeatValuesTest1()" classname="SolutionTest" time="0.026"/>
  <testcase name="calculateRepeatValuesTest2()" classname="SolutionTest" time="0.002"/>
  <testcase name="calculateRepeatValuesTest3()" classname="SolutionTest" time="0.0"/>
  <system-out><![CDATA[]]></system-out>
  <system-err><![CDATA[]]></system-err>
</testsuite>
